TN:
SF:src/env.ts
FN:1,(empty-report)
FNF:1
FNH:0
FNDA:0,(empty-report)
DA:1,0
DA:3,0
DA:4,0
DA:5,0
DA:6,0
DA:7,0
DA:8,0
DA:9,0
DA:11,0
LF:9
LH:0
BRDA:1,0,0,0
BRF:1
BRH:0
end_of_record
TN:
SF:src/main.ts
FN:1,(empty-report)
FNF:1
FNH:0
FNDA:0,(empty-report)
DA:1,0
DA:3,0
LF:2
LH:0
BRDA:1,0,0,0
BRF:1
BRH:0
end_of_record
TN:
SF:src/entities/product-entity.ts
FN:11,<instance_members_initializer>
FN:14,get id
FN:18,get name
FN:22,get price
FN:26,get description
FN:30,get countInStock
FN:34,get image
FN:38,get model
FN:42,Product
FNF:9
FNH:9
FNDA:14,<instance_members_initializer>
FNDA:5,get id
FNDA:16,get name
FNDA:1,get price
FNDA:1,get description
FNDA:3,get countInStock
FNDA:1,get image
FNDA:13,get model
FNDA:14,Product
DA:11,1
DA:12,14
DA:14,14
DA:15,5
DA:16,5
DA:18,14
DA:19,16
DA:20,16
DA:22,14
DA:23,1
DA:24,1
DA:26,14
DA:27,1
DA:28,1
DA:30,14
DA:31,3
DA:32,3
DA:34,14
DA:35,1
DA:36,1
DA:38,14
DA:39,13
DA:40,13
DA:42,14
DA:43,14
DA:44,1
DA:45,1
DA:46,13
DA:47,14
DA:48,14
LF:30
LH:30
BRDA:11,0,0,14
BRDA:14,1,0,5
BRDA:18,2,0,16
BRDA:22,3,0,1
BRDA:26,4,0,1
BRDA:30,5,0,3
BRDA:34,6,0,1
BRDA:38,7,0,13
BRDA:42,8,0,14
BRDA:43,9,0,13
BRDA:43,10,0,1
BRF:11
BRH:11
end_of_record
TN:
SF:src/entities/user-entity.ts
FN:8,<instance_members_initializer>
FN:11,get id
FN:15,get name
FN:19,get email
FN:23,get role
FN:27,User
FNF:6
FNH:5
FNDA:5,<instance_members_initializer>
FNDA:1,get id
FNDA:0,get name
FNDA:6,get email
FNDA:2,get role
FNDA:5,User
DA:8,1
DA:9,5
DA:11,5
DA:12,1
DA:13,1
DA:15,5
DA:16,0
DA:17,0
DA:19,5
DA:20,6
DA:21,6
DA:23,5
DA:24,2
DA:25,2
DA:27,5
DA:28,5
DA:29,0
DA:30,0
DA:31,5
DA:32,5
DA:33,5
LF:21
LH:17
BRDA:8,0,0,5
BRDA:11,1,0,1
BRDA:19,2,0,6
BRDA:23,3,0,2
BRDA:27,4,0,5
BRDA:28,5,0,0
BRF:6
BRH:5
end_of_record
TN:
SF:src/models/product-model.ts
FN:1,(empty-report)
FNF:1
FNH:0
FNDA:0,(empty-report)
DA:1,0
DA:3,0
DA:4,0
DA:5,0
DA:6,0
DA:7,0
DA:8,0
DA:9,0
DA:10,0
DA:11,0
DA:12,0
DA:13,0
DA:14,0
DA:15,0
DA:16,0
DA:17,0
DA:18,0
DA:19,0
DA:20,0
DA:21,0
DA:22,0
DA:23,0
DA:24,0
DA:25,0
DA:26,0
DA:27,0
DA:29,0
LF:27
LH:0
BRDA:1,0,0,0
BRF:1
BRH:0
end_of_record
TN:
SF:src/presentation/server.ts
FN:1,(empty-report)
FNF:1
FNH:0
FNDA:0,(empty-report)
DA:1,0
DA:2,0
DA:3,0
DA:4,0
DA:5,0
DA:11,0
DA:12,0
DA:13,0
DA:15,0
DA:17,0
DA:19,0
DA:20,0
DA:22,0
DA:23,0
DA:24,0
DA:25,0
DA:26,0
DA:27,0
DA:28,0
DA:29,0
DA:30,0
DA:31,0
DA:33,0
DA:34,0
DA:35,0
DA:37,0
DA:38,0
DA:39,0
DA:40,0
DA:41,0
DA:42,0
DA:43,0
DA:44,0
DA:45,0
DA:46,0
DA:47,0
DA:48,0
DA:49,0
LF:38
LH:0
BRDA:1,0,0,0
BRF:1
BRH:0
end_of_record
TN:
SF:src/presentation/controllers/products/create-product-controller.ts
FN:1,(empty-report)
FNF:1
FNH:1
FNDA:1,(empty-report)
DA:2,0
DA:3,0
DA:4,0
DA:6,0
DA:7,0
DA:8,0
DA:9,0
DA:10,0
DA:11,0
DA:12,0
DA:13,0
DA:14,0
DA:15,0
DA:16,0
DA:17,0
DA:18,0
DA:19,0
DA:20,0
DA:21,0
DA:22,0
DA:23,0
DA:24,0
DA:25,0
DA:26,0
DA:27,0
DA:29,0
DA:30,0
DA:32,0
DA:33,0
DA:34,0
DA:35,0
DA:36,0
DA:37,0
DA:38,0
DA:39,0
DA:41,0
DA:42,0
DA:43,0
DA:44,0
LF:39
LH:0
BRDA:1,0,0,1
BRF:1
BRH:1
end_of_record
TN:
SF:src/presentation/controllers/products/delete-product-controller.ts
FN:1,(empty-report)
FNF:1
FNH:1
FNDA:1,(empty-report)
DA:2,0
DA:3,0
DA:4,0
DA:6,0
DA:7,0
DA:8,0
DA:9,0
DA:10,0
DA:11,0
DA:12,0
DA:13,0
DA:14,0
DA:15,0
DA:16,0
DA:17,0
DA:18,0
DA:19,0
DA:20,0
DA:21,0
DA:22,0
DA:23,0
DA:24,0
DA:25,0
DA:26,0
DA:27,0
LF:25
LH:0
BRDA:1,0,0,1
BRF:1
BRH:1
end_of_record
TN:
SF:src/presentation/controllers/products/get-all-products-controller.ts
FN:1,(empty-report)
FNF:1
FNH:1
FNDA:1,(empty-report)
DA:2,0
DA:3,0
DA:4,0
DA:6,0
DA:7,0
DA:8,0
DA:9,0
DA:10,0
DA:11,0
DA:12,0
DA:13,0
DA:14,0
DA:15,0
DA:16,0
DA:17,0
DA:18,0
DA:19,0
DA:20,0
DA:21,0
DA:22,0
DA:23,0
DA:24,0
DA:25,0
DA:26,0
DA:27,0
DA:28,0
DA:29,0
DA:30,0
DA:31,0
DA:32,0
DA:33,0
DA:34,0
DA:35,0
DA:36,0
DA:37,0
DA:38,0
LF:36
LH:0
BRDA:1,0,0,1
BRF:1
BRH:1
end_of_record
TN:
SF:src/presentation/controllers/products/get-product-by-id-controller.ts
FN:1,(empty-report)
FNF:1
FNH:1
FNDA:1,(empty-report)
DA:2,0
DA:3,0
DA:4,0
DA:6,0
DA:7,0
DA:8,0
DA:9,0
DA:10,0
DA:11,0
DA:12,0
DA:13,0
DA:14,0
DA:15,0
DA:16,0
DA:17,0
DA:18,0
DA:19,0
DA:20,0
DA:21,0
DA:22,0
DA:23,0
DA:24,0
DA:25,0
DA:26,0
DA:27,0
DA:28,0
DA:29,0
DA:30,0
DA:31,0
DA:32,0
DA:33,0
DA:34,0
DA:35,0
DA:36,0
DA:37,0
DA:38,0
DA:39,0
LF:37
LH:0
BRDA:1,0,0,1
BRF:1
BRH:1
end_of_record
TN:
SF:src/presentation/controllers/products/get-products-with-low-stock-controller.ts
FN:1,(empty-report)
FNF:1
FNH:1
FNDA:1,(empty-report)
DA:2,0
DA:3,0
DA:4,0
DA:6,0
DA:7,0
DA:8,0
DA:9,0
DA:10,0
DA:11,0
DA:12,0
DA:13,0
DA:14,0
DA:15,0
DA:16,0
DA:17,0
DA:18,0
DA:19,0
DA:20,0
DA:21,0
DA:22,0
DA:23,0
DA:24,0
DA:25,0
DA:26,0
DA:27,0
DA:28,0
DA:29,0
DA:30,0
DA:31,0
DA:32,0
DA:33,0
DA:34,0
DA:35,0
DA:36,0
DA:37,0
DA:38,0
LF:36
LH:0
BRDA:1,0,0,1
BRF:1
BRH:1
end_of_record
TN:
SF:src/presentation/controllers/products/update-product-controller.ts
FN:1,(empty-report)
FNF:1
FNH:1
FNDA:1,(empty-report)
DA:2,0
DA:3,0
DA:4,0
DA:6,0
DA:7,0
DA:8,0
DA:9,0
DA:10,0
DA:11,0
DA:12,0
DA:13,0
DA:14,0
DA:15,0
DA:16,0
DA:17,0
DA:18,0
DA:19,0
DA:20,0
DA:21,0
DA:22,0
DA:23,0
DA:24,0
DA:25,0
DA:26,0
DA:27,0
DA:28,0
DA:29,0
DA:30,0
DA:31,0
DA:32,0
DA:34,0
DA:35,0
DA:37,0
DA:38,0
DA:39,0
DA:40,0
DA:41,0
DA:42,0
DA:43,0
DA:44,0
DA:45,0
DA:46,0
DA:47,0
DA:49,0
DA:50,0
DA:51,0
DA:52,0
LF:47
LH:0
BRDA:1,0,0,1
BRF:1
BRH:1
end_of_record
TN:
SF:src/presentation/databases/mongo.ts
FN:1,(empty-report)
FNF:1
FNH:0
FNDA:0,(empty-report)
DA:1,0
DA:2,0
DA:4,0
DA:5,0
DA:7,0
DA:8,0
DA:9,0
DA:10,0
DA:11,0
DA:12,0
DA:13,0
DA:14,0
DA:15,0
DA:16,0
DA:17,0
DA:18,0
DA:19,0
LF:17
LH:0
BRDA:1,0,0,0
BRF:1
BRH:0
end_of_record
TN:
SF:src/presentation/routes/product-routes.ts
FN:1,(empty-report)
FNF:1
FNH:1
FNDA:1,(empty-report)
DA:2,0
DA:3,0
DA:4,0
DA:5,0
DA:6,0
DA:7,0
DA:9,0
DA:10,0
DA:11,0
DA:12,0
DA:13,0
DA:14,0
DA:15,0
DA:16,0
LF:14
LH:0
BRDA:1,0,0,1
BRF:1
BRH:1
end_of_record
TN:
SF:src/repositories/products/products-repository.ts
FN:1,(empty-report)
FNF:1
FNH:1
FNDA:1,(empty-report)
LF:0
LH:0
BRDA:1,0,0,1
BRF:1
BRH:1
end_of_record
TN:
SF:src/repositories/products/in-memory/in-memory-products-repository.ts
FN:3,<instance_members_initializer>
FN:5,create
FN:9,findAll
FN:12,delete
FN:19,findById
FN:23,update
FN:47,findUnique
FN:59,findWithLowStock
FNF:8
FNH:8
FNDA:12,<instance_members_initializer>
FNDA:9,create
FNDA:3,findAll
FNDA:1,delete
FNDA:4,findById
FNDA:1,update
FNDA:9,findUnique
FNDA:2,findWithLowStock
DA:1,1
DA:3,1
DA:4,12
DA:5,12
DA:6,9
DA:7,9
DA:8,9
DA:9,12
DA:10,3
DA:11,3
DA:12,12
DA:13,1
DA:14,1
DA:15,1
DA:16,1
DA:17,0
DA:18,1
DA:19,12
DA:20,4
DA:21,4
DA:22,4
DA:23,12
DA:24,1
DA:25,1
DA:26,1
DA:27,1
DA:28,1
DA:29,0
DA:30,0
DA:32,1
DA:33,1
DA:34,1
DA:35,1
DA:36,1
DA:37,1
DA:38,1
DA:39,1
DA:40,1
DA:41,1
DA:43,1
DA:44,1
DA:45,1
DA:47,12
DA:48,9
DA:49,9
DA:50,9
DA:53,9
DA:54,9
DA:55,9
DA:56,9
DA:57,9
DA:58,9
DA:59,12
DA:60,2
DA:61,2
DA:62,12
LF:56
LH:53
BRDA:3,0,0,12
BRDA:5,1,0,9
BRDA:9,2,0,3
BRDA:12,3,0,1
BRDA:16,4,0,0
BRDA:19,5,0,4
BRDA:20,6,0,2
BRDA:23,7,0,1
BRDA:28,8,0,0
BRDA:35,9,0,0
BRDA:36,10,0,0
BRDA:37,11,0,0
BRDA:38,12,0,0
BRDA:39,13,0,0
BRDA:27,14,0,1
BRDA:47,15,0,9
BRDA:55,16,0,5
BRDA:55,17,0,1
BRDA:59,18,0,2
BRDA:60,19,0,2
BRF:20
BRH:13
end_of_record
TN:
SF:src/repositories/products/mongo/mongo-repository.ts
FN:1,(empty-report)
FNF:1
FNH:0
FNDA:0,(empty-report)
DA:1,0
DA:2,0
DA:5,0
DA:6,0
DA:7,0
DA:8,0
DA:9,0
DA:10,0
DA:11,0
DA:12,0
DA:13,0
DA:15,0
DA:16,0
DA:18,0
DA:19,0
DA:20,0
DA:21,0
DA:22,0
DA:23,0
DA:24,0
DA:25,0
DA:26,0
DA:27,0
DA:29,0
DA:30,0
DA:31,0
DA:32,0
DA:33,0
DA:34,0
DA:35,0
DA:36,0
DA:37,0
DA:38,0
DA:39,0
DA:40,0
DA:41,0
DA:43,0
DA:44,0
DA:46,0
DA:47,0
DA:48,0
DA:50,0
DA:51,0
DA:53,0
DA:54,0
DA:55,0
DA:56,0
DA:57,0
DA:58,0
DA:59,0
DA:60,0
DA:61,0
DA:62,0
DA:63,0
DA:64,0
DA:65,0
DA:66,0
DA:68,0
DA:69,0
DA:70,0
DA:71,0
DA:72,0
DA:73,0
DA:74,0
DA:75,0
DA:77,0
DA:78,0
DA:79,0
DA:80,0
DA:81,0
DA:83,0
DA:85,0
DA:86,0
DA:87,0
DA:88,0
DA:89,0
DA:90,0
DA:91,0
DA:92,0
DA:93,0
DA:94,0
DA:96,0
DA:97,0
DA:98,0
DA:99,0
DA:100,0
DA:101,0
DA:102,0
DA:103,0
DA:104,0
DA:105,0
DA:106,0
DA:107,0
DA:108,0
DA:109,0
DA:110,0
DA:112,0
DA:113,0
DA:115,0
DA:116,0
DA:117,0
DA:118,0
DA:121,0
DA:122,0
DA:124,0
DA:125,0
DA:126,0
DA:128,0
DA:129,0
DA:130,0
DA:131,0
DA:132,0
DA:133,0
DA:134,0
DA:135,0
DA:136,0
DA:137,0
DA:138,0
DA:139,0
LF:119
LH:0
BRDA:1,0,0,0
BRF:1
BRH:0
end_of_record
TN:
SF:src/repositories/user/users-repository.ts
FN:1,(empty-report)
FNF:1
FNH:1
FNDA:1,(empty-report)
LF:0
LH:0
BRDA:1,0,0,1
BRF:1
BRH:1
end_of_record
TN:
SF:src/repositories/user/in-memory/in-memory-user-repository.ts
FN:4,<instance_members_initializer>
FN:7,create
FN:12,findAll
FN:15,delete
FN:18,findByEmail
FN:22,save
FNF:6
FNH:3
FNDA:1,<instance_members_initializer>
FNDA:2,create
FNDA:0,findAll
FNDA:0,delete
FNDA:3,findByEmail
FNDA:0,save
DA:1,1
DA:4,1
DA:5,1
DA:7,1
DA:8,2
DA:9,2
DA:10,2
DA:11,2
DA:12,1
DA:13,0
DA:14,0
DA:15,1
DA:16,0
DA:17,0
DA:18,1
DA:19,3
DA:20,3
DA:21,3
DA:22,1
DA:23,0
DA:24,0
DA:25,0
DA:26,0
DA:27,0
DA:28,0
DA:29,0
DA:30,0
DA:31,0
DA:32,1
LF:29
LH:16
BRDA:4,0,0,1
BRDA:7,1,0,2
BRDA:18,2,0,3
BRDA:19,3,0,3
BRF:4
BRH:4
end_of_record
TN:
SF:src/services/index.ts
FN:1,(empty-report)
FNF:1
FNH:1
FNDA:1,(empty-report)
LF:0
LH:0
BRDA:1,0,0,1
BRF:1
BRH:1
end_of_record
TN:
SF:src/services/products/create-product-dto.ts
FN:1,(empty-report)
FNF:1
FNH:1
FNDA:1,(empty-report)
LF:0
LH:0
BRDA:1,0,0,1
BRF:1
BRH:1
end_of_record
TN:
SF:src/services/products/create-product-service.ts
FN:6,CreateProductService
FN:8,execute
FNF:2
FNH:2
FNDA:6,CreateProductService
FNDA:9,execute
DA:1,1
DA:5,1
DA:6,1
DA:8,1
DA:9,9
DA:10,9
DA:11,9
DA:12,9
DA:13,9
DA:14,9
DA:15,9
DA:16,9
DA:18,9
DA:19,9
DA:20,9
DA:21,9
DA:23,9
DA:24,1
DA:25,1
DA:27,8
DA:28,8
DA:29,9
DA:30,1
LF:23
LH:23
BRDA:6,0,0,6
BRDA:8,1,0,9
BRDA:23,2,0,1
BRDA:25,3,0,8
BRF:4
BRH:4
end_of_record
TN:
SF:src/services/products/delete-product-service.ts
FN:4,DeleteProductUseCase
FN:5,execute
FNF:2
FNH:2
FNDA:2,DeleteProductUseCase
FNDA:2,execute
DA:3,1
DA:4,1
DA:5,1
DA:6,2
DA:7,1
DA:8,2
DA:9,1
LF:7
LH:7
BRDA:4,0,0,2
BRDA:5,1,0,2
BRDA:6,2,0,1
BRF:3
BRH:3
end_of_record
TN:
SF:src/services/products/get-all-products-service.ts
FN:5,GetAllProductsService
FN:7,execute
FNF:2
FNH:2
FNDA:3,GetAllProductsService
FNDA:3,execute
DA:4,1
DA:5,1
DA:7,1
DA:8,3
DA:9,3
DA:10,3
DA:11,1
LF:7
LH:7
BRDA:5,0,0,3
BRDA:7,1,0,3
BRF:2
BRH:2
end_of_record
TN:
SF:src/services/products/get-product-by-id-service.ts
FN:5,GetProductByIdService
FN:7,execute
FNF:2
FNH:2
FNDA:2,GetProductByIdService
FNDA:2,execute
DA:4,1
DA:5,1
DA:7,1
DA:8,2
DA:9,2
DA:10,1
DA:11,1
DA:12,1
DA:13,2
DA:14,1
LF:10
LH:10
BRDA:5,0,0,2
BRDA:7,1,0,2
BRDA:9,2,0,1
BRF:3
BRH:3
end_of_record
TN:
SF:src/services/products/get-products-with-low-stock-service.ts
FN:5,GetProductsWithLowStockService
FN:7,execute
FNF:2
FNH:2
FNDA:2,GetProductsWithLowStockService
FNDA:2,execute
DA:4,1
DA:5,1
DA:7,1
DA:8,2
DA:9,2
DA:10,2
DA:11,1
LF:7
LH:7
BRDA:5,0,0,2
BRDA:7,1,0,2
BRF:2
BRH:2
end_of_record
TN:
SF:src/services/products/update-product-dto.ts
FN:1,(empty-report)
FNF:1
FNH:1
FNDA:1,(empty-report)
LF:0
LH:0
BRDA:1,0,0,1
BRF:1
BRH:1
end_of_record
TN:
SF:src/services/products/update-product-service.ts
FN:10,UpdateProductService
FN:11,execute
FNF:2
FNH:2
FNDA:2,UpdateProductService
FNDA:2,execute
DA:1,1
DA:9,1
DA:10,1
DA:11,1
DA:12,2
DA:13,2
DA:14,1
DA:15,1
DA:17,1
DA:19,1
DA:20,1
DA:21,2
DA:22,2
DA:23,2
DA:24,2
DA:25,2
DA:26,2
DA:27,2
DA:28,2
DA:29,1
DA:30,2
DA:31,1
LF:22
LH:22
BRDA:10,0,0,2
BRDA:11,1,0,2
BRDA:13,2,0,1
BRDA:21,3,0,0
BRDA:22,4,0,0
BRDA:23,5,0,0
BRDA:24,6,0,0
BRDA:25,7,0,0
BRDA:26,8,0,1
BRDA:28,9,0,1
BRF:10
BRH:5
end_of_record
TN:
SF:src/services/users/create-user.ts
FN:10,CreateUser
FN:11,execute
FNF:2
FNH:2
FNDA:2,CreateUser
FNDA:3,execute
DA:1,1
DA:9,1
DA:10,1
DA:11,1
DA:12,3
DA:13,3
DA:14,3
DA:15,3
DA:16,1
DA:17,1
DA:19,2
DA:20,2
DA:21,2
DA:22,2
DA:23,2
DA:24,2
DA:25,2
DA:26,3
DA:27,1
LF:19
LH:19
BRDA:10,0,0,2
BRDA:11,1,0,3
BRDA:15,2,0,1
BRDA:17,3,0,2
BRF:4
BRH:4
end_of_record
